=== Clean Repo Purge v7.0.0 - 2026-05-04 03:04:54 UTC ===
Repository: edukadoj/download_to_repo_from_link
Triggered by: edukadoj
Job ID: 25298961935
Target branch: main

--- Step 1: Download original ZIP ---
Original ZIP size: 63953 bytes (.06 MB / 0 GB)
=========================================
CURRENT ZIP SIZE: .06 MB
=========================================
Extracting ZIP to fresh directory...
Extraction complete.
Creating fresh Git repository (no history)...
Fresh repo created with all current files.
Force pushing fresh repo to replace remote branch...
Force push completed.
Downloading new ZIP immediately after push...
New ZIP size: 63953 bytes (.06 MB / 0 GB)
=========================================
NEW ZIP SIZE: .06 MB
=========================================
-----------------------------------------
SIZE REDUCTION (history purged):
  Before: 63953 bytes
  After:  63953 bytes
  Reduction: 0 bytes (0 MB)
-----------------------------------------
Pushing log file to logs/ folder...
