============================================================
  Remote Control v39.12.0 started at 2026-05-13 06:42:39 UTC
============================================================
[06:42:39] No valid profile cache found – starting without login data.
[06:42:41] Virtual display started.
[06:42:43] Stealth JS injected.
[06:42:43] CDP unavailable (cannot import name 'devtools' from 'selenium.webdriver.common.devtools' (unknown location)) – using send_keys fallback.
[06:42:43] Browser launched (undetected Chrome user‑agent).
[06:42:43] Loading start URL...
[06:42:44] Start URL loaded – sleeping 5s
[06:42:49] Scrolling to top
[06:42:49] Taking first screenshot
recommended for chrome 148.*, so it is advised to delete the driver in PATH and retry
[06:42:43] Stealth JS injected.
[06:42:43] CDP unavailable (cannot import name 'devtools' from 'selenium.webdriver.common.devtools' (unknown location)) – using send_keys fallback.
[06:42:43] Browser launched (undetected Chrome user‑agent).
[06:42:43] Loading start URL...
[06:42:44] Start URL loaded – sleeping 5s
[06:42:49] Scrolling to top
[06:42:49] Taking first screenshot
